2021-07-03T22:00:08.899-05:00| main| I005: Log for VMware Workstation pid=980 version=16.1.2 build=build-17966106 option=Release
2021-07-03T22:00:08.899-05:00| main| I005: The host is 64-bit.
2021-07-03T22:00:08.899-05:00| main| I005: Host codepage=windows-1252 encoding=windows-1252
2021-07-03T22:00:08.899-05:00| main| I005: Host is Windows 8 Pro, 64-bit (Build 19043)
2021-07-03T22:00:08.864-05:00| main| I005: VTHREAD 10360 "main"
2021-07-03T22:00:08.864-05:00| main| I005: LOCALE windows-1252 -> NULL User=409 System=409
2021-07-03T22:00:08.864-05:00| main| I005: Msg_SetLocaleEx: HostLocale=windows-1252 UserLocale=NULL
2021-07-03T22:00:08.881-05:00| main| I005: DictionaryLoad: Cannot open file "C:\Users\Jefe\AppData\Roaming\VMware\config.ini": The system cannot find the file specified.
2021-07-03T22:00:08.881-05:00| main| I005: [msg.dictionary.load.openFailed] Cannot open file "C:\Users\Jefe\AppData\Roaming\VMware\config.ini": The system cannot find the file specified.
2021-07-03T22:00:08.881-05:00| main| I005: PREF Optional preferences file not found at C:\Users\Jefe\AppData\Roaming\VMware\config.ini. Using default values.
2021-07-03T22:00:08.881-05:00| main| I005: UUID: SMBIOS UUID is reported as 'ee e5 6a 77 69 c4 a1 d5-8f d8 5e d1 29 e8 90 7c'.
2021-07-03T22:00:08.887-05:00| main| I005: POLL Using the WSAPoll API Implementation for PollDefault
2021-07-03T22:00:08.901-05:00| main| I005: MKSRoleMain: Initializing MKSSandbox...
2021-07-03T22:00:08.901-05:00| main| I005: DICT --- GLOBAL SETTINGS C:\ProgramData\VMware\VMware Workstation\settings.ini
2021-07-03T22:00:08.901-05:00| main| I005: DICT          printers.enabled = "FALSE"
2021-07-03T22:00:08.902-05:00| main| I005: DICT --- NON PERSISTENT (null)
2021-07-03T22:00:08.902-05:00| main| I005: DICT --- USER PREFERENCES C:\Users\Jefe\AppData\Roaming\VMware\preferences.ini
2021-07-03T22:00:08.902-05:00| main| I005: DICT pref.keyboardAndMouse.vmHotKey.enabled = "FALSE"
2021-07-03T22:00:08.902-05:00| main| I005: DICT pref.keyboardAndMouse.vmHotKey.count = "0"
2021-07-03T22:00:08.902-05:00| main| I005: DICT pref.vmplayer.firstRunDismissedVersion = "16.1.2"
2021-07-03T22:00:08.902-05:00| main| I005: DICT   pref.lastUpdateCheckSec = "1625341554"
2021-07-03T22:00:08.902-05:00| main| I005: DICT         vmWizard.guestKey = "windows9"
2021-07-03T22:00:08.902-05:00| main| I005: DICT vmWizard.installMediaType = "later"
2021-07-03T22:00:08.902-05:00| main| I005: DICT      pref.mruVM0.filename = "C:\Users\Jefe\Desktop\Videonet\Recource\VMS\Windows 11.vmx"
2021-07-03T22:00:08.902-05:00| main| I005: DICT   pref.mruVM0.displayName = "Windows 11"
2021-07-03T22:00:08.902-05:00| main| I005: DICT         pref.mruVM0.index = "0"
2021-07-03T22:00:08.902-05:00| main| I005: DICT             hints.hideAll = "FALSE"
2021-07-03T22:00:08.902-05:00| main| I005: DICT vmWizard.isoLocationMRU.count = "6"
2021-07-03T22:00:08.902-05:00| main| I005: DICT vmWizard.isoLocationMRU0.location = "C:\Users\Jefe\Desktop\ioxa\95b\ISO\Windows 95 OSR 2.5\Win95_OSR25.iso"
2021-07-03T22:00:08.902-05:00| main| I005: DICT vmWizard.isoLocationMRU1.location = "C:\Users\Jefe\Desktop\ioxa\win95\ISO\Win95 OSR2.ISO"
2021-07-03T22:00:08.902-05:00| main| I005: DICT vmWizard.isoLocationMRU2.location = "C:\Users\Jefe\Desktop\ikoxa\WINDOWS95.ISO"
2021-07-03T22:00:08.902-05:00| main| I005: DICT vmWizard.isoLocationMRU3.location = "C:\Users\Jefe\Downloads\en_windows_7_ultimate_with_sp1_x64_dvd_u_677332.iso"
2021-07-03T22:00:08.902-05:00| main| I005: DICT vmWizard.isoLocationMRU4.location = "C:\Users\Jefe\Desktop\x64\x64.iso"
2021-07-03T22:00:08.902-05:00| main| I005: DICT vmWizard.isoLocationMRU5.location = "C:\Users\Jefe\Downloads\Win10_21H1_English_x64.iso"
2021-07-03T22:00:08.902-05:00| main| I005: DICT hint.disk.boot.partitioned = "FALSE"
2021-07-03T22:00:08.902-05:00| main| I005: DICT    hint.hbaHosted.rawDisk = "FALSE"
2021-07-03T22:00:08.902-05:00| main| I005: DICT    hint.usb.hcAutoConnect = "FALSE"
2021-07-03T22:00:08.902-05:00| main| I005: DICT  hint.vmui.showNewUSBDevs = "FALSE"
2021-07-03T22:00:08.902-05:00| main| I005: DICT      pref.mruVM1.filename = "C:\Users\Jefe\Documents\Virtual Machines\Windows 95555555555\Windows 95555555555.vmx"
2021-07-03T22:00:08.902-05:00| main| I005: DICT   pref.mruVM1.displayName = "Windows 95555555555"
2021-07-03T22:00:08.902-05:00| main| I005: DICT         pref.mruVM1.index = "1"
2021-07-03T22:00:08.902-05:00| main| I005: DICT --- USER DEFAULTS C:\Users\Jefe\AppData\Roaming\VMware\config.ini
2021-07-03T22:00:08.902-05:00| main| I005: DICT --- HOST DEFAULTS C:\ProgramData\VMware\VMware Workstation\config.ini
2021-07-03T22:00:08.902-05:00| main| I005: DICT installerDefaults.simplifiedUI = "no"
2021-07-03T22:00:08.902-05:00| main| I005: DICT installerDefaults.autoSoftwareUpdateEnabled = "yes"
2021-07-03T22:00:08.902-05:00| main| I005: DICT installerDefaults.autoSoftwareUpdateEnabled.epoch = "14525"
2021-07-03T22:00:08.903-05:00| main| I005: DICT installerDefaults.componentDownloadEnabled = "yes"
2021-07-03T22:00:08.903-05:00| main| I005: DICT installerDefaults.dataCollectionEnabled = "yes"
2021-07-03T22:00:08.903-05:00| main| I005: DICT installerDefaults.dataCollectionEnabled.epoch = "14525"
2021-07-03T22:00:08.903-05:00| main| I005: DICT --- SITE DEFAULTS C:\ProgramData\VMware\VMware Workstation\config.ini
2021-07-03T22:00:08.903-05:00| main| I005: DICT installerDefaults.simplifiedUI = "no"
2021-07-03T22:00:08.903-05:00| main| I005: DICT installerDefaults.autoSoftwareUpdateEnabled = "yes"
2021-07-03T22:00:08.903-05:00| main| I005: DICT installerDefaults.autoSoftwareUpdateEnabled.epoch = "14525"
2021-07-03T22:00:08.903-05:00| main| I005: DICT installerDefaults.componentDownloadEnabled = "yes"
2021-07-03T22:00:08.903-05:00| main| I005: DICT installerDefaults.dataCollectionEnabled = "yes"
2021-07-03T22:00:08.903-05:00| main| I005: DICT installerDefaults.dataCollectionEnabled.epoch = "14525"
2021-07-03T22:00:08.903-05:00| main| I005: LOCALE windows-1252 -> NULL User=409 System=409
2021-07-03T22:00:08.903-05:00| main| I005: Msg_SetLocaleEx: HostLocale=windows-1252 UserLocale=NULL
2021-07-03T22:00:08.903-05:00| main| I005: MKSRoleMain: Initializing Sig
2021-07-03T22:00:08.903-05:00| main| I005: MKSRoleMain: Initializing MKS
2021-07-03T22:00:08.936-05:00| main| I005: MKSSandbox: Command line arguments: 
2021-07-03T22:00:08.936-05:00| main| I005: C:\Program Files (x86)\VMware\VMware Player\x64\mksSandbox.exe 
2021-07-03T22:00:08.936-05:00| main| I005: --logFile 
2021-07-03T22:00:08.936-05:00| main| I005: C:\Users\Jefe\Desktop\Videonet\Recource\VMS\mksSandbox.log 
2021-07-03T22:00:08.936-05:00| main| I005: --pipeInfo 
2021-07-03T22:00:08.936-05:00| main| I005: \\.\pipe\vmware\mksSandbox\mksSandbox-52 db 15 b2 06 af a1 97-62 a8 77 a1 21 17 53 ee 
2021-07-03T22:00:08.936-05:00| main| I005: 
2021-07-03T22:00:08.938-05:00| main| I005: MKSRoleMain: Powering on.
2021-07-03T22:00:08.938-05:00| main| I005: MKSRoleMain: Powering on MKS
2021-07-03T22:00:08.938-05:00| main| I005: MKS PowerOn
2021-07-03T22:00:08.940-05:00| mks| I005: VTHREAD 18312 "mks"
2021-07-03T22:00:08.940-05:00| mks| I005: MKS thread is alive
2021-07-03T22:00:08.941-05:00| svga| I005: VTHREAD 5980 "svga"
2021-07-03T22:00:08.941-05:00| svga| I005: SVGA thread is alive
2021-07-03T22:00:08.941-05:00| mks| I005: MKS: SSE2=1, SSSE3=1, SSE4_1=1
2021-07-03T22:00:08.950-05:00| mouse| I005: VTHREAD 1672 "mouse"
2021-07-03T22:00:08.950-05:00| mks| I005: MKS-HookKeyboard: RegQueryValueEx(LowLevelHooksTimeout) failed: The system cannot find the file specified (2)
2021-07-03T22:00:08.955-05:00| kbh| I005: VTHREAD 15364 "kbh"
2021-07-03T22:00:08.963-05:00| mks| I005: MKS Win32: Registering top level window (0xb057e) to receive session change notification.
2021-07-03T22:00:08.965-05:00| mks| I005: MKS Win32: Successfully enabled high resolution system timer.
2021-07-03T22:00:08.965-05:00| mks| I005: Current Display Settings:
2021-07-03T22:00:08.966-05:00| mks| I005:    Display: 0 size: 2160x1440  position: (0, 0) name: \\.\DISPLAY1  
2021-07-03T22:00:08.966-05:00| mks| I005: MKS Win32: MIL: 0x2000
2021-07-03T22:00:08.966-05:00| mks| I005: MKS-RenderMain: PowerOn allowed MKSBasicOps DX11Renderer 
2021-07-03T22:00:08.966-05:00| mks| I005: MKS-RenderMain: Collecting RenderOps caps from DX11Renderer
2021-07-03T22:00:08.966-05:00| mks| I005: MKS-RenderMain: Starting DX11Renderer
2021-07-03T22:00:08.973-05:00| mks| W003: DX11Renderer: Enumerating adapter 0
2021-07-03T22:00:08.973-05:00| mks| I005: DX11Renderer: `Intel(R) HD Graphics 5000` vendor=0x8086 device=0x0a26 revision=9
2021-07-03T22:00:08.973-05:00| mks| I005: DX11Renderer: video=112MB system=0MB shared=2048MB
2021-07-03T22:00:08.973-05:00| mks| I005: DX11Renderer: LOCAL     budget  2048M usage     0M avail  1923M res     0M
2021-07-03T22:00:08.973-05:00| mks| I005: DX11Renderer: NON-LOCAL budget     0M usage     0M avail     0M res     0M
2021-07-03T22:00:09.010-05:00| mks| W003: DX11Renderer: Using device unknown; adapter `Intel(R) HD Graphics 5000`
2021-07-03T22:00:09.010-05:00| mks| W003: DX11Renderer: Enumerating adapter 1
2021-07-03T22:00:09.010-05:00| mks| I005: DX11Renderer: `Microsoft Basic Render Driver` vendor=0x1414 device=0x008c revision=0
2021-07-03T22:00:09.010-05:00| mks| I005: DX11Renderer: video=0MB system=0MB shared=4048MB
2021-07-03T22:00:09.010-05:00| mks| I005: DX11Renderer: LOCAL     budget  3643M usage     0M avail  1923M res     0M
2021-07-03T22:00:09.010-05:00| mks| I005: DX11Renderer: NON-LOCAL budget     0M usage     0M avail     0M res     0M
2021-07-03T22:00:09.010-05:00| mks| I005: DX11Renderer: Max 2D Texture Size=16384
2021-07-03T22:00:09.010-05:00| mks| I005: DX11Renderer:  ClearViewSupported: 1
2021-07-03T22:00:09.010-05:00| mks| I005: DX11Renderer:  MultisampleRTVWithForcedSampleCountOne: 1
2021-07-03T22:00:09.010-05:00| mks| I005: DX11Renderer:  MapNoOverwriteOnDynamicConstantBuffer: 1
2021-07-03T22:00:09.010-05:00| mks| I005: DX11Renderer:  MapNoOverwriteOnDynamicBufferSRV: 1
2021-07-03T22:00:09.011-05:00| mks| I005: DX11Renderer:  UseNativeConstantBuffers: 1
2021-07-03T22:00:09.011-05:00| mks| I005: DX11Renderer:  UseBlendLogicOps: 1
2021-07-03T22:00:09.011-05:00| mks| I005: DX11Renderer: Disabling native constant buffers for Intel.
2021-07-03T22:00:09.011-05:00| mks| W003: DX11Renderer: SDK=7, feature level=11.0
2021-07-03T22:00:09.011-05:00| mks| W003: DX11Renderer: Max feature level=11.1
2021-07-03T22:00:09.135-05:00| mks| I005: Started Shim3D
2021-07-03T22:00:09.135-05:00| mks| I005: MKS-RenderMain: Started DX11Renderer
2021-07-03T22:00:09.135-05:00| mks| I005: MKS-RenderMain: Found Full Renderer: DX11Renderer
2021-07-03T22:00:09.135-05:00| mks| I005: MKS-RenderMain: MinimalCaps: maxTextureSize=16384
2021-07-03T22:00:09.135-05:00| mks| I005: MKSRemoteMgr: Set default display name: Windows 11
2021-07-03T22:00:09.135-05:00| mks| I005: MKSRemoteMgr: Loading VNC Configuration from VM config file
2021-07-03T22:00:09.141-05:00| main| I005: MKSRoleMain: PowerOn finished.
2021-07-03T22:00:09.141-05:00| main| I005: hostCPUID vendor: GenuineIntel
2021-07-03T22:00:09.141-05:00| main| I005: hostCPUID family: 0x6 model: 0x45 stepping: 0x1
2021-07-03T22:00:09.141-05:00| main| I005: hostCPUID codename: Haswell Ultrathin
2021-07-03T22:00:09.141-05:00| main| I005: hostCPUID name: Intel(R) Core(TM) i7-4650U CPU @ 1.70GHz
2021-07-03T22:00:09.141-05:00| main| I005: hostCPUID level 00000000, 0: 0x0000000d 0x756e6547 0x6c65746e 0x49656e69
2021-07-03T22:00:09.141-05:00| main| I005: hostCPUID level 00000001, 0: 0x00040651 0x00100800 0x7ffafbff 0xbfebfbff
2021-07-03T22:00:09.141-05:00| main| I005: hostCPUID level 00000002, 0: 0x76036301 0x00f0b5ff 0x00000000 0x00c10000
2021-07-03T22:00:09.141-05:00| main| I005: hostCPUID level 00000003, 0: 0x00000000 0x00000000 0x00000000 0x00000000
2021-07-03T22:00:09.141-05:00| main| I005: hostCPUID level 00000004, 0: 0x1c004121 0x01c0003f 0x0000003f 0x00000000
2021-07-03T22:00:09.141-05:00| main| I005: hostCPUID level 00000004, 1: 0x1c004122 0x01c0003f 0x0000003f 0x00000000
2021-07-03T22:00:09.141-05:00| main| I005: hostCPUID level 00000004, 2: 0x1c004143 0x01c0003f 0x000001ff 0x00000000
2021-07-03T22:00:09.141-05:00| main| I005: hostCPUID level 00000004, 3: 0x1c03c163 0x03c0003f 0x00000fff 0x00000006
2021-07-03T22:00:09.141-05:00| main| I005: hostCPUID level 00000004, 4: 0x00000000 0x00000000 0x00000000 0x00000000
2021-07-03T22:00:09.141-05:00| main| I005: hostCPUID level 00000005, 0: 0x00000040 0x00000040 0x00000003 0x11142120
2021-07-03T22:00:09.141-05:00| main| I005: hostCPUID level 00000006, 0: 0x00000077 0x00000002 0x00000009 0x00000000
2021-07-03T22:00:09.141-05:00| main| I005: hostCPUID level 00000007, 0: 0x00000000 0x000027ab 0x00000000 0x9c000400
2021-07-03T22:00:09.141-05:00| main| I005: hostCPUID level 00000008, 0: 0x00000000 0x00000000 0x00000000 0x00000000
2021-07-03T22:00:09.141-05:00| main| I005: hostCPUID level 00000009, 0: 0x00000000 0x00000000 0x00000000 0x00000000
2021-07-03T22:00:09.141-05:00| main| I005: hostCPUID level 0000000a, 0: 0x07300403 0x00000000 0x00000000 0x00000603
2021-07-03T22:00:09.142-05:00| main| I005: hostCPUID level 0000000b, 0: 0x00000001 0x00000002 0x00000100 0x00000000
2021-07-03T22:00:09.142-05:00| main| I005: hostCPUID level 0000000b, 1: 0x00000004 0x00000004 0x00000201 0x00000000
2021-07-03T22:00:09.142-05:00| main| I005: hostCPUID level 0000000b, 2: 0x00000000 0x00000000 0x00000002 0x00000000
2021-07-03T22:00:09.142-05:00| main| I005: hostCPUID level 0000000c, 0: 0x00000000 0x00000000 0x00000000 0x00000000
2021-07-03T22:00:09.142-05:00| main| I005: hostCPUID level 0000000d, 0: 0x00000007 0x00000340 0x00000340 0x00000000
2021-07-03T22:00:09.142-05:00| main| I005: hostCPUID level 0000000d, 1: 0x00000001 0x00000000 0x00000000 0x00000000
2021-07-03T22:00:09.142-05:00| main| I005: hostCPUID level 0000000d, 2: 0x00000100 0x00000240 0x00000000 0x00000000
2021-07-03T22:00:09.142-05:00| main| I005: hostCPUID level 80000000, 0: 0x80000008 0x00000000 0x00000000 0x00000000
2021-07-03T22:00:09.142-05:00| main| I005: hostCPUID level 80000001, 0: 0x00000000 0x00000000 0x00000021 0x2c100800
2021-07-03T22:00:09.142-05:00| main| I005: hostCPUID level 80000002, 0: 0x65746e49 0x2952286c 0x726f4320 0x4d542865
2021-07-03T22:00:09.142-05:00| main| I005: hostCPUID level 80000003, 0: 0x37692029 0x3536342d 0x43205530 0x40205550
2021-07-03T22:00:09.142-05:00| main| I005: hostCPUID level 80000004, 0: 0x372e3120 0x7a484730 0x00000000 0x00000000
2021-07-03T22:00:09.142-05:00| main| I005: hostCPUID level 80000005, 0: 0x00000000 0x00000000 0x00000000 0x00000000
2021-07-03T22:00:09.142-05:00| main| I005: hostCPUID level 80000006, 0: 0x00000000 0x00000000 0x01006040 0x00000000
2021-07-03T22:00:09.142-05:00| main| I005: hostCPUID level 80000007, 0: 0x00000000 0x00000000 0x00000000 0x00000100
2021-07-03T22:00:09.142-05:00| main| I005: hostCPUID level 80000008, 0: 0x00003027 0x00000000 0x00000000 0x00000000
2021-07-03T22:00:09.142-05:00| main| I005: VMFeature_GetHostCaps: hostCaps:
2021-07-03T22:00:09.142-05:00| main| I005: Capability Found: cpuid.sse3 = 1
2021-07-03T22:00:09.142-05:00| main| I005: Capability Found: cpuid.pclmulqdq = 1
2021-07-03T22:00:09.142-05:00| main| I005: Capability Found: cpuid.mwait = 1
2021-07-03T22:00:09.142-05:00| main| I005: Capability Found: cpuid.vmx = 1
2021-07-03T22:00:09.142-05:00| main| I005: Capability Found: cpuid.ssse3 = 1
2021-07-03T22:00:09.142-05:00| main| I005: Capability Found: cpuid.fma = 1
2021-07-03T22:00:09.142-05:00| main| I005: Capability Found: cpuid.cmpxchg16b = 1
2021-07-03T22:00:09.142-05:00| main| I005: Capability Found: cpuid.pcid = 1
2021-07-03T22:00:09.142-05:00| main| I005: Capability Found: cpuid.sse41 = 1
2021-07-03T22:00:09.143-05:00| main| I005: Capability Found: cpuid.sse42 = 1
2021-07-03T22:00:09.143-05:00| main| I005: Capability Found: cpuid.movbe = 1
2021-07-03T22:00:09.143-05:00| main| I005: Capability Found: cpuid.popcnt = 1
2021-07-03T22:00:09.143-05:00| main| I005: Capability Found: cpuid.aes = 1
2021-07-03T22:00:09.143-05:00| main| I005: Capability Found: cpuid.xsave = 1
2021-07-03T22:00:09.143-05:00| main| I005: Capability Found: cpuid.avx = 1
2021-07-03T22:00:09.143-05:00| main| I005: Capability Found: cpuid.f16c = 1
2021-07-03T22:00:09.143-05:00| main| I005: Capability Found: cpuid.rdrand = 1
2021-07-03T22:00:09.143-05:00| main| I005: Capability Found: cpuid.ds = 1
2021-07-03T22:00:09.143-05:00| main| I005: Capability Found: cpuid.ss = 1
2021-07-03T22:00:09.143-05:00| main| I005: Capability Found: cpuid.fsgsbase = 1
2021-07-03T22:00:09.143-05:00| main| I005: Capability Found: cpuid.bmi1 = 1
2021-07-03T22:00:09.143-05:00| main| I005: Capability Found: cpuid.avx2 = 1
2021-07-03T22:00:09.143-05:00| main| I005: Capability Found: cpuid.smep = 1
2021-07-03T22:00:09.143-05:00| main| I005: Capability Found: cpuid.bmi2 = 1
2021-07-03T22:00:09.143-05:00| main| I005: Capability Found: cpuid.enfstrg = 1
2021-07-03T22:00:09.143-05:00| main| I005: Capability Found: cpuid.invpcid = 1
2021-07-03T22:00:09.143-05:00| main| I005: Capability Found: cpuid.mdclear = 1
2021-07-03T22:00:09.143-05:00| main| I005: Capability Found: cpuid.stibp = 1
2021-07-03T22:00:09.143-05:00| main| I005: Capability Found: cpuid.fcmd = 1
2021-07-03T22:00:09.143-05:00| main| I005: Capability Found: cpuid.ssbd = 1
2021-07-03T22:00:09.143-05:00| main| I005: Capability Found: cpuid.xcr0_master_sse = 1
2021-07-03T22:00:09.143-05:00| main| I005: Capability Found: cpuid.xcr0_master_ymm_h = 1
2021-07-03T22:00:09.143-05:00| main| I005: Capability Found: cpuid.xcr0_master_bndregs = 1
2021-07-03T22:00:09.143-05:00| main| I005: Capability Found: cpuid.xcr0_master_bndcsr = 1
2021-07-03T22:00:09.143-05:00| main| I005: Capability Found: cpuid.xsaveopt = 1
2021-07-03T22:00:09.143-05:00| main| I005: Capability Found: cpuid.lahf64 = 1
2021-07-03T22:00:09.143-05:00| main| I005: Capability Found: cpuid.abm = 1
2021-07-03T22:00:09.143-05:00| main| I005: Capability Found: cpuid.nx = 1
2021-07-03T22:00:09.143-05:00| main| I005: Capability Found: cpuid.pdpe1gb = 1
2021-07-03T22:00:09.143-05:00| main| I005: Capability Found: cpuid.rdtscp = 1
2021-07-03T22:00:09.144-05:00| main| I005: Capability Found: cpuid.lm = 1
2021-07-03T22:00:09.144-05:00| main| I005: Capability Found: cpuid.intel = 1
2021-07-03T22:00:09.144-05:00| main| I005: Capability Found: cpuid.ibrs = 1
2021-07-03T22:00:09.144-05:00| main| I005: Capability Found: cpuid.ibpb = 1
2021-07-03T22:00:09.181-05:00| svga| I005: SVGA3dDevCaps: replayFifo host
2021-07-03T22:00:09.181-05:00| svga| I005:   cap[  0]: 0x00000001 (3D)
2021-07-03T22:00:09.181-05:00| svga| I005:   cap[  1]: 0x00000008 (MAX_LIGHTS)
2021-07-03T22:00:09.181-05:00| svga| I005:   cap[  2]: 0x00000008 (MAX_TEXTURES)
2021-07-03T22:00:09.181-05:00| svga| I005:   cap[  3]: 0x00000008 (MAX_CLIP_PLANES)
2021-07-03T22:00:09.181-05:00| svga| I005:   cap[  4]: 0x00000007 (VERTEX_SHADER_VERSION)
2021-07-03T22:00:09.181-05:00| svga| I005:   cap[  5]: 0x00000001 (VERTEX_SHADER)
2021-07-03T22:00:09.181-05:00| svga| I005:   cap[  6]: 0x0000000d (FRAGMENT_SHADER_VERSION)
2021-07-03T22:00:09.181-05:00| svga| I005:   cap[  7]: 0x00000001 (FRAGMENT_SHADER)
2021-07-03T22:00:09.181-05:00| svga| I005:   cap[  8]: 0x00000008 (MAX_RENDER_TARGETS)
2021-07-03T22:00:09.181-05:00| svga| I005:   cap[  9]: 0x00000001 (S23E8_TEXTURES)
2021-07-03T22:00:09.181-05:00| svga| I005:   cap[ 10]: 0x00000001 (S10E5_TEXTURES)
2021-07-03T22:00:09.181-05:00| svga| I005:   cap[ 11]: 0x00000004 (MAX_FIXED_VERTEXBLEND)
2021-07-03T22:00:09.181-05:00| svga| I005:   cap[ 12]: 0x00000001 (D16_BUFFER_FORMAT)
2021-07-03T22:00:09.181-05:00| svga| I005:   cap[ 13]: 0x00000001 (D24S8_BUFFER_FORMAT)
2021-07-03T22:00:09.181-05:00| svga| I005:   cap[ 14]: 0x00000001 (D24X8_BUFFER_FORMAT)
2021-07-03T22:00:09.181-05:00| svga| I005:   cap[ 15]: 0x00000001 (QUERY_TYPES)
2021-07-03T22:00:09.181-05:00| svga| I005:   cap[ 16]: 0x00000001 (TEXTURE_GRADIENT_SAMPLING)
2021-07-03T22:00:09.181-05:00| svga| I005:   cap[ 17]:   1.000000 (MAX_POINT_SIZE)
2021-07-03T22:00:09.181-05:00| svga| I005:   cap[ 18]: 0x00000014 (MAX_SHADER_TEXTURES)
2021-07-03T22:00:09.181-05:00| svga| I005:   cap[ 19]: 0x00004000 (MAX_TEXTURE_WIDTH)
2021-07-03T22:00:09.181-05:00| svga| I005:   cap[ 20]: 0x00004000 (MAX_TEXTURE_HEIGHT)
2021-07-03T22:00:09.181-05:00| svga| I005:   cap[ 21]: 0x00000800 (MAX_VOLUME_EXTENT)
2021-07-03T22:00:09.181-05:00| svga| I005:   cap[ 22]: 0x00004000 (MAX_TEXTURE_REPEAT)
2021-07-03T22:00:09.181-05:00| svga| I005:   cap[ 23]: 0x00004000 (MAX_TEXTURE_ASPECT_RATIO)
2021-07-03T22:00:09.181-05:00| svga| I005:   cap[ 24]: 0x00000010 (MAX_TEXTURE_ANISOTROPY)
2021-07-03T22:00:09.181-05:00| svga| I005:   cap[ 25]: 0x001fffff (MAX_PRIMITIVE_COUNT)
2021-07-03T22:00:09.181-05:00| svga| I005:   cap[ 26]: 0x000fffff (MAX_VERTEX_INDEX)
2021-07-03T22:00:09.181-05:00| svga| I005:   cap[ 27]: 0x0000ffff (MAX_VERTEX_SHADER_INSTRUCTIONS)
2021-07-03T22:00:09.181-05:00| svga| I005:   cap[ 28]: 0x0000ffff (MAX_FRAGMENT_SHADER_INSTRUCTIONS)
2021-07-03T22:00:09.182-05:00| svga| I005:   cap[ 29]: 0x00000020 (MAX_VERTEX_SHADER_TEMPS)
2021-07-03T22:00:09.182-05:00| svga| I005:   cap[ 30]: 0x00000020 (MAX_FRAGMENT_SHADER_TEMPS)
2021-07-03T22:00:09.182-05:00| svga| I005:   cap[ 31]: 0x03ffffff (TEXTURE_OPS)
2021-07-03T22:00:09.182-05:00| svga| I005:   cap[ 32]: 0x0018ec1f (SURFACEFMT_X8R8G8B8)
2021-07-03T22:00:09.182-05:00| svga| I005:   cap[ 33]: 0x0018e11f (SURFACEFMT_A8R8G8B8)
2021-07-03T22:00:09.182-05:00| svga| I005:   cap[ 34]: 0x0008601f (SURFACEFMT_A2R10G10B10)
2021-07-03T22:00:09.182-05:00| svga| I005:   cap[ 35]: 0x0008601f (SURFACEFMT_X1R5G5B5)
2021-07-03T22:00:09.182-05:00| svga| I005:   cap[ 36]: 0x0008611f (SURFACEFMT_A1R5G5B5)
2021-07-03T22:00:09.182-05:00| svga| I005:   cap[ 37]: 0x0000611f (SURFACEFMT_A4R4G4B4)
2021-07-03T22:00:09.182-05:00| svga| I005:   cap[ 38]: 0x0018ec1f (SURFACEFMT_R5G6B5)
2021-07-03T22:00:09.182-05:00| svga| I005:   cap[ 39]: 0x0000601f (SURFACEFMT_LUMINANCE16)
2021-07-03T22:00:09.182-05:00| svga| I005:   cap[ 40]: 0x00006007 (SURFACEFMT_LUMINANCE8_ALPHA8)
2021-07-03T22:00:09.182-05:00| svga| I005:   cap[ 41]: 0x0000601f (SURFACEFMT_ALPHA8)
2021-07-03T22:00:09.182-05:00| svga| I005:   cap[ 42]: 0x0000601f (SURFACEFMT_LUMINANCE8)
2021-07-03T22:00:09.182-05:00| svga| I005:   cap[ 43]: 0x000040c5 (SURFACEFMT_Z_D16)
2021-07-03T22:00:09.182-05:00| svga| I005:   cap[ 44]: 0x000040c5 (SURFACEFMT_Z_D24S8)
2021-07-03T22:00:09.182-05:00| svga| I005:   cap[ 45]: 0x000040c5 (SURFACEFMT_Z_D24X8)
2021-07-03T22:00:09.182-05:00| svga| I005:   cap[ 46]: 0x0000e005 (SURFACEFMT_DXT1)
2021-07-03T22:00:09.182-05:00| svga| I005:   cap[ 47]: 0x0000e005 (SURFACEFMT_DXT2)
2021-07-03T22:00:09.182-05:00| svga| I005:   cap[ 48]: 0x0000e005 (SURFACEFMT_DXT3)
2021-07-03T22:00:09.182-05:00| svga| I005:   cap[ 49]: 0x0000e005 (SURFACEFMT_DXT4)
2021-07-03T22:00:09.182-05:00| svga| I005:   cap[ 50]: 0x0000e005 (SURFACEFMT_DXT5)
2021-07-03T22:00:09.182-05:00| svga| I005:   cap[ 51]: 0x00014005 (SURFACEFMT_BUMPX8L8V8U8)
2021-07-03T22:00:09.182-05:00| svga| I005:   cap[ 52]: 0x00014007 (SURFACEFMT_A2W10V10U10)
2021-07-03T22:00:09.182-05:00| svga| I005:   cap[ 53]: 0x00014007 (SURFACEFMT_BUMPU8V8)
2021-07-03T22:00:09.182-05:00| svga| I005:   cap[ 54]: 0x00014005 (SURFACEFMT_Q8W8V8U8)
2021-07-03T22:00:09.182-05:00| svga| I005:   cap[ 55]: 0x00014001 (SURFACEFMT_CxV8U8)
2021-07-03T22:00:09.182-05:00| svga| I005:   cap[ 56]: 0x0080601f (SURFACEFMT_R_S10E5)
2021-07-03T22:00:09.182-05:00| svga| I005:   cap[ 57]: 0x0080601f (SURFACEFMT_R_S23E8)
2021-07-03T22:00:09.182-05:00| svga| I005:   cap[ 58]: 0x0080601f (SURFACEFMT_RG_S10E5)
2021-07-03T22:00:09.182-05:00| svga| I005:   cap[ 59]: 0x0080601f (SURFACEFMT_RG_S23E8)
2021-07-03T22:00:09.182-05:00| svga| I005:   cap[ 60]: 0x0080601f (SURFACEFMT_ARGB_S10E5)
2021-07-03T22:00:09.182-05:00| svga| I005:   cap[ 61]: 0x0080601f (SURFACEFMT_ARGB_S23E8)
2021-07-03T22:00:09.182-05:00| svga| I005:   cap[ 62]: 0x00000000 (MISSING62)
2021-07-03T22:00:09.182-05:00| svga| I005:   cap[ 63]: 0x00000004 (MAX_VERTEX_SHADER_TEXTURES)
2021-07-03T22:00:09.182-05:00| svga| I005:   cap[ 64]: 0x00000008 (MAX_SIMULTANEOUS_RENDER_TARGETS)
2021-07-03T22:00:09.182-05:00| svga| I005:   cap[ 65]: 0x00014007 (SURFACEFMT_V16U16)
2021-07-03T22:00:09.183-05:00| svga| I005:   cap[ 66]: 0x0000601f (SURFACEFMT_G16R16)
2021-07-03T22:00:09.183-05:00| svga| I005:   cap[ 67]: 0x0000601f (SURFACEFMT_A16B16G16R16)
2021-07-03T22:00:09.183-05:00| svga| I005:   cap[ 68]: 0x01246000 (SURFACEFMT_UYVY)
2021-07-03T22:00:09.183-05:00| svga| I005:   cap[ 69]: 0x01246000 (SURFACEFMT_YUY2)
2021-07-03T22:00:09.183-05:00| svga| I005:   cap[ 70]: 0x00000000 (DEAD4)
2021-07-03T22:00:09.183-05:00| svga| I005:   cap[ 71]: 0x00000000 (DEAD5)
2021-07-03T22:00:09.183-05:00| svga| I005:   cap[ 72]: 0x00000000 (DEAD7)
2021-07-03T22:00:09.183-05:00| svga| I005:   cap[ 73]: 0x00000000 (DEAD6)
2021-07-03T22:00:09.183-05:00| svga| I005:   cap[ 74]: 0x00000001 (AUTOGENMIPMAPS)
2021-07-03T22:00:09.183-05:00| svga| I005:   cap[ 75]: 0x01246000 (SURFACEFMT_NV12)
2021-07-03T22:00:09.183-05:00| svga| I005:   cap[ 76]: 0x00000000 (DEAD10)
2021-07-03T22:00:09.183-05:00| svga| I005:   cap[ 77]: 0x00000100 (MAX_CONTEXT_IDS)
2021-07-03T22:00:09.183-05:00| svga| I005:   cap[ 78]: 0x00008000 (MAX_SURFACE_IDS)
2021-07-03T22:00:09.183-05:00| svga| I005:   cap[ 79]: 0x000040c5 (SURFACEFMT_Z_DF16)
2021-07-03T22:00:09.183-05:00| svga| I005:   cap[ 80]: 0x000040c5 (SURFACEFMT_Z_DF24)
2021-07-03T22:00:09.183-05:00| svga| I005:   cap[ 81]: 0x000040c5 (SURFACEFMT_Z_D24S8_INT)
2021-07-03T22:00:09.183-05:00| svga| I005:   cap[ 82]: 0x00006005 (SURFACEFMT_ATI1)
2021-07-03T22:00:09.183-05:00| svga| I005:   cap[ 83]: 0x00006005 (SURFACEFMT_ATI2)
2021-07-03T22:00:09.183-05:00| svga| I005:   cap[ 84]: 0x00000000 (DEAD1)
2021-07-03T22:00:09.183-05:00| svga| I005:   cap[ 85]: 0x00000000 (DEAD8)
2021-07-03T22:00:09.183-05:00| svga| I005:   cap[ 86]: 0x00000000 (DEAD9)
2021-07-03T22:00:09.183-05:00| svga| I005:   cap[ 87]: 0x00000001 (LINE_AA)
2021-07-03T22:00:09.183-05:00| svga| I005:   cap[ 88]: 0x00000000 (LINE_STIPPLE)
2021-07-03T22:00:09.183-05:00| svga| I005:   cap[ 89]:  10.000000 (MAX_LINE_WIDTH)
2021-07-03T22:00:09.183-05:00| svga| I005:   cap[ 90]:  10.000000 (MAX_AA_LINE_WIDTH)
2021-07-03T22:00:09.183-05:00| svga| I005:   cap[ 91]: 0x01246000 (SURFACEFMT_YV12)
2021-07-03T22:00:09.183-05:00| svga| I005:   cap[ 92]: 0x00000000 (DEAD3)
2021-07-03T22:00:09.184-05:00| svga| I005:   cap[ 93]: 0x00000001 (TS_COLOR_KEY)
2021-07-03T22:00:09.184-05:00| svga| I005:   cap[ 94]: 0x00000000 (DEAD2)
2021-07-03T22:00:09.184-05:00| svga| I005:   cap[ 95]: 0x00000001 (DXCONTEXT)
2021-07-03T22:00:09.184-05:00| svga| I005:   cap[ 96]: 0x00000200 (DEAD11)
2021-07-03T22:00:09.184-05:00| svga| I005:   cap[ 97]: 0x00000010 (DX_MAX_VERTEXBUFFERS)
2021-07-03T22:00:09.184-05:00| svga| I005:   cap[ 98]: 0x0000000e (DX_MAX_CONSTANT_BUFFERS)
2021-07-03T22:00:09.184-05:00| svga| I005:   cap[ 99]: 0x00000000 (DX_PROVOKING_VERTEX)
2021-07-03T22:00:09.184-05:00| svga| I005:   cap[100]: 0x000002f7 (DXFMT_X8R8G8B8)
2021-07-03T22:00:09.184-05:00| svga| I005:   cap[101]: 0x000003f7 (DXFMT_A8R8G8B8)
2021-07-03T22:00:09.184-05:00| svga| I005:   cap[102]: 0x000002f7 (DXFMT_R5G6B5)
2021-07-03T22:00:09.184-05:00| svga| I005:   cap[103]: 0x000000f7 (DXFMT_X1R5G5B5)
2021-07-03T22:00:09.184-05:00| svga| I005:   cap[104]: 0x000000f7 (DXFMT_A1R5G5B5)
2021-07-03T22:00:09.184-05:00| svga| I005:   cap[105]: 0x000000f7 (DXFMT_A4R4G4B4)
2021-07-03T22:00:09.184-05:00| svga| I005:   cap[106]: 0x00000009 (DXFMT_Z_D32)
2021-07-03T22:00:09.184-05:00| svga| I005:   cap[107]: 0x0000026b (DXFMT_Z_D16)
2021-07-03T22:00:09.184-05:00| svga| I005:   cap[108]: 0x0000026b (DXFMT_Z_D24S8)
2021-07-03T22:00:09.184-05:00| svga| I005:   cap[109]: 0x0000000b (DXFMT_Z_D15S1)
2021-07-03T22:00:09.184-05:00| svga| I005:   cap[110]: 0x000000f7 (DXFMT_LUMINANCE8)
2021-07-03T22:00:09.184-05:00| svga| I005:   cap[111]: 0x000000e3 (DXFMT_LUMINANCE4_ALPHA4)
2021-07-03T22:00:09.184-05:00| svga| I005:   cap[112]: 0x000000f7 (DXFMT_LUMINANCE16)
2021-07-03T22:00:09.184-05:00| svga| I005:   cap[113]: 0x000000e3 (DXFMT_LUMINANCE8_ALPHA8)
2021-07-03T22:00:09.184-05:00| svga| I005:   cap[114]: 0x00000063 (DXFMT_DXT1)
2021-07-03T22:00:09.184-05:00| svga| I005:   cap[115]: 0x00000063 (DXFMT_DXT2)
2021-07-03T22:00:09.184-05:00| svga| I005:   cap[116]: 0x00000063 (DXFMT_DXT3)
2021-07-03T22:00:09.184-05:00| svga| I005:   cap[117]: 0x00000063 (DXFMT_DXT4)
2021-07-03T22:00:09.184-05:00| svga| I005:   cap[118]: 0x00000063 (DXFMT_DXT5)
2021-07-03T22:00:09.184-05:00| svga| I005:   cap[119]: 0x000000e3 (DXFMT_BUMPU8V8)
2021-07-03T22:00:09.184-05:00| svga| I005:   cap[120]: 0x00000000 (DXFMT_BUMPL6V5U5)
2021-07-03T22:00:09.185-05:00| svga| I005:   cap[121]: 0x00000063 (DXFMT_BUMPX8L8V8U8)
2021-07-03T22:00:09.185-05:00| svga| I005:   cap[122]: 0x00000000 (DXFMT_FORMAT_DEAD1)
2021-07-03T22:00:09.185-05:00| svga| I005:   cap[123]: 0x000003f7 (DXFMT_ARGB_S10E5)
2021-07-03T22:00:09.185-05:00| svga| I005:   cap[124]: 0x000003f7 (DXFMT_ARGB_S23E8)
2021-07-03T22:00:09.185-05:00| svga| I005:   cap[125]: 0x000003f7 (DXFMT_A2R10G10B10)
2021-07-03T22:00:09.185-05:00| svga| I005:   cap[126]: 0x000000e3 (DXFMT_V8U8)
2021-07-03T22:00:09.185-05:00| svga| I005:   cap[127]: 0x00000063 (DXFMT_Q8W8V8U8)
2021-07-03T22:00:09.185-05:00| svga| I005:   cap[128]: 0x00000063 (DXFMT_CxV8U8)
2021-07-03T22:00:09.185-05:00| svga| I005:   cap[129]: 0x000000e3 (DXFMT_X8L8V8U8)
2021-07-03T22:00:09.185-05:00| svga| I005:   cap[130]: 0x000000e3 (DXFMT_A2W10V10U10)
2021-07-03T22:00:09.185-05:00| svga| I005:   cap[131]: 0x000000f7 (DXFMT_ALPHA8)
2021-07-03T22:00:09.185-05:00| svga| I005:   cap[132]: 0x000003f7 (DXFMT_R_S10E5)
2021-07-03T22:00:09.185-05:00| svga| I005:   cap[133]: 0x000003f7 (DXFMT_R_S23E8)
2021-07-03T22:00:09.185-05:00| svga| I005:   cap[134]: 0x000003f7 (DXFMT_RG_S10E5)
2021-07-03T22:00:09.185-05:00| svga| I005:   cap[135]: 0x000003f7 (DXFMT_RG_S23E8)
2021-07-03T22:00:09.185-05:00| svga| I005:   cap[136]: 0x00000001 (DXFMT_BUFFER)
2021-07-03T22:00:09.185-05:00| svga| I005:   cap[137]: 0x0000026b (DXFMT_Z_D24X8)
2021-07-03T22:00:09.185-05:00| svga| I005:   cap[138]: 0x000001e3 (DXFMT_V16U16)
2021-07-03T22:00:09.185-05:00| svga| I005:   cap[139]: 0x000003f7 (DXFMT_G16R16)
2021-07-03T22:00:09.185-05:00| svga| I005:   cap[140]: 0x000001f7 (DXFMT_A16B16G16R16)
2021-07-03T22:00:09.185-05:00| svga| I005:   cap[141]: 0x00000001 (DXFMT_UYVY)
2021-07-03T22:00:09.185-05:00| svga| I005:   cap[142]: 0x00000041 (DXFMT_YUY2)
2021-07-03T22:00:09.185-05:00| svga| I005:   cap[143]: 0x00000041 (DXFMT_NV12)
2021-07-03T22:00:09.185-05:00| svga| I005:   cap[144]: 0x00000000 (DXFMT_FORMAT_DEAD2)
2021-07-03T22:00:09.185-05:00| svga| I005:   cap[145]: 0x000002e1 (DXFMT_R32G32B32A32_TYPELESS)
2021-07-03T22:00:09.185-05:00| svga| I005:   cap[146]: 0x000003e7 (DXFMT_R32G32B32A32_UINT)
2021-07-03T22:00:09.185-05:00| svga| I005:   cap[147]: 0x000003e7 (DXFMT_R32G32B32A32_SINT)
2021-07-03T22:00:09.185-05:00| svga| I005:   cap[148]: 0x000000e1 (DXFMT_R32G32B32_TYPELESS)
2021-07-03T22:00:09.186-05:00| svga| I005:   cap[149]: 0x000001e3 (DXFMT_R32G32B32_FLOAT)
2021-07-03T22:00:09.186-05:00| svga| I005:   cap[150]: 0x000001e3 (DXFMT_R32G32B32_UINT)
2021-07-03T22:00:09.186-05:00| svga| I005:   cap[151]: 0x000001e3 (DXFMT_R32G32B32_SINT)
2021-07-03T22:00:09.186-05:00| svga| I005:   cap[152]: 0x000002e1 (DXFMT_R16G16B16A16_TYPELESS)
2021-07-03T22:00:09.186-05:00| svga| I005:   cap[153]: 0x000003e7 (DXFMT_R16G16B16A16_UINT)
2021-07-03T22:00:09.186-05:00| svga| I005:   cap[154]: 0x000003f7 (DXFMT_R16G16B16A16_SNORM)
2021-07-03T22:00:09.186-05:00| svga| I005:   cap[155]: 0x000003e7 (DXFMT_R16G16B16A16_SINT)
2021-07-03T22:00:09.186-05:00| svga| I005:   cap[156]: 0x000002e1 (DXFMT_R32G32_TYPELESS)
2021-07-03T22:00:09.186-05:00| svga| I005:   cap[157]: 0x000003e7 (DXFMT_R32G32_UINT)
2021-07-03T22:00:09.186-05:00| svga| I005:   cap[158]: 0x000003e7 (DXFMT_R32G32_SINT)
2021-07-03T22:00:09.186-05:00| svga| I005:   cap[159]: 0x00000261 (DXFMT_R32G8X24_TYPELESS)
2021-07-03T22:00:09.186-05:00| svga| I005:   cap[160]: 0x00000269 (DXFMT_D32_FLOAT_S8X24_UINT)
2021-07-03T22:00:09.186-05:00| svga| I005:   cap[161]: 0x00000063 (DXFMT_R32_FLOAT_X8X24)
2021-07-03T22:00:09.186-05:00| svga| I005:   cap[162]: 0x00000063 (DXFMT_X32_G8X24_UINT)
2021-07-03T22:00:09.186-05:00| svga| I005:   cap[163]: 0x000002e1 (DXFMT_R10G10B10A2_TYPELESS)
2021-07-03T22:00:09.186-05:00| svga| I005:   cap[164]: 0x000003e7 (DXFMT_R10G10B10A2_UINT)
2021-07-03T22:00:09.186-05:00| svga| I005:   cap[165]: 0x000003f7 (DXFMT_R11G11B10_FLOAT)
2021-07-03T22:00:09.186-05:00| svga| I005:   cap[166]: 0x000002e1 (DXFMT_R8G8B8A8_TYPELESS)
2021-07-03T22:00:09.186-05:00| svga| I005:   cap[167]: 0x000003f7 (DXFMT_R8G8B8A8_UNORM)
2021-07-03T22:00:09.186-05:00| svga| I005:   cap[168]: 0x000002f7 (DXFMT_R8G8B8A8_UNORM_SRGB)
2021-07-03T22:00:09.186-05:00| svga| I005:   cap[169]: 0x000003e7 (DXFMT_R8G8B8A8_UINT)
2021-07-03T22:00:09.186-05:00| svga| I005:   cap[170]: 0x000003e7 (DXFMT_R8G8B8A8_SINT)
2021-07-03T22:00:09.186-05:00| svga| I005:   cap[171]: 0x000002e1 (DXFMT_R16G16_TYPELESS)
2021-07-03T22:00:09.186-05:00| svga| I005:   cap[172]: 0x000003e7 (DXFMT_R16G16_UINT)
2021-07-03T22:00:09.186-05:00| svga| I005:   cap[173]: 0x000003e7 (DXFMT_R16G16_SINT)
2021-07-03T22:00:09.186-05:00| svga| I005:   cap[174]: 0x000002e1 (DXFMT_R32_TYPELESS)
2021-07-03T22:00:09.186-05:00| svga| I005:   cap[175]: 0x00000269 (DXFMT_D32_FLOAT)
2021-07-03T22:00:09.186-05:00| svga| I005:   cap[176]: 0x000003e7 (DXFMT_R32_UINT)
2021-07-03T22:00:09.186-05:00| svga| I005:   cap[177]: 0x000003e7 (DXFMT_R32_SINT)
2021-07-03T22:00:09.186-05:00| svga| I005:   cap[178]: 0x00000261 (DXFMT_R24G8_TYPELESS)
2021-07-03T22:00:09.186-05:00| svga| I005:   cap[179]: 0x00000269 (DXFMT_D24_UNORM_S8_UINT)
2021-07-03T22:00:09.187-05:00| svga| I005:   cap[180]: 0x00000063 (DXFMT_R24_UNORM_X8)
2021-07-03T22:00:09.187-05:00| svga| I005:   cap[181]: 0x00000063 (DXFMT_X24_G8_UINT)
2021-07-03T22:00:09.187-05:00| svga| I005:   cap[182]: 0x000002e1 (DXFMT_R8G8_TYPELESS)
2021-07-03T22:00:09.187-05:00| svga| I005:   cap[183]: 0x000003f7 (DXFMT_R8G8_UNORM)
2021-07-03T22:00:09.187-05:00| svga| I005:   cap[184]: 0x000003e7 (DXFMT_R8G8_UINT)
2021-07-03T22:00:09.187-05:00| svga| I005:   cap[185]: 0x000003e7 (DXFMT_R8G8_SINT)
2021-07-03T22:00:09.187-05:00| svga| I005:   cap[186]: 0x000002e1 (DXFMT_R16_TYPELESS)
2021-07-03T22:00:09.187-05:00| svga| I005:   cap[187]: 0x000003f7 (DXFMT_R16_UNORM)
2021-07-03T22:00:09.187-05:00| svga| I005:   cap[188]: 0x000003e7 (DXFMT_R16_UINT)
2021-07-03T22:00:09.187-05:00| svga| I005:   cap[189]: 0x000003f7 (DXFMT_R16_SNORM)
2021-07-03T22:00:09.187-05:00| svga| I005:   cap[190]: 0x000003e7 (DXFMT_R16_SINT)
2021-07-03T22:00:09.187-05:00| svga| I005:   cap[191]: 0x000002e1 (DXFMT_R8_TYPELESS)
2021-07-03T22:00:09.187-05:00| svga| I005:   cap[192]: 0x000003f7 (DXFMT_R8_UNORM)
2021-07-03T22:00:09.187-05:00| svga| I005:   cap[193]: 0x000003e7 (DXFMT_R8_UINT)
2021-07-03T22:00:09.187-05:00| svga| I005:   cap[194]: 0x000003f7 (DXFMT_R8_SNORM)
2021-07-03T22:00:09.187-05:00| svga| I005:   cap[195]: 0x000003e7 (DXFMT_R8_SINT)
2021-07-03T22:00:09.187-05:00| svga| I005:   cap[196]: 0x00000001 (DXFMT_P8)
2021-07-03T22:00:09.187-05:00| svga| I005:   cap[197]: 0x000000e3 (DXFMT_R9G9B9E5_SHAREDEXP)
2021-07-03T22:00:09.187-05:00| svga| I005:   cap[198]: 0x000000e3 (DXFMT_R8G8_B8G8_UNORM)
2021-07-03T22:00:09.187-05:00| svga| I005:   cap[199]: 0x000000e3 (DXFMT_G8R8_G8B8_UNORM)
2021-07-03T22:00:09.187-05:00| svga| I005:   cap[200]: 0x000000e1 (DXFMT_BC1_TYPELESS)
2021-07-03T22:00:09.187-05:00| svga| I005:   cap[201]: 0x000000e3 (DXFMT_BC1_UNORM_SRGB)
2021-07-03T22:00:09.187-05:00| svga| I005:   cap[202]: 0x000000e1 (DXFMT_BC2_TYPELESS)
2021-07-03T22:00:09.187-05:00| svga| I005:   cap[203]: 0x000000e3 (DXFMT_BC2_UNORM_SRGB)
2021-07-03T22:00:09.187-05:00| svga| I005:   cap[204]: 0x000000e1 (DXFMT_BC3_TYPELESS)
2021-07-03T22:00:09.187-05:00| svga| I005:   cap[205]: 0x000000e3 (DXFMT_BC3_UNORM_SRGB)
2021-07-03T22:00:09.187-05:00| svga| I005:   cap[206]: 0x000000e1 (DXFMT_BC4_TYPELESS)
2021-07-03T22:00:09.187-05:00| svga| I005:   cap[207]: 0x00000063 (DXFMT_ATI1)
2021-07-03T22:00:09.187-05:00| svga| I005:   cap[208]: 0x000000e3 (DXFMT_BC4_SNORM)
2021-07-03T22:00:09.187-05:00| svga| I005:   cap[209]: 0x000000e1 (DXFMT_BC5_TYPELESS)
2021-07-03T22:00:09.188-05:00| svga| I005:   cap[210]: 0x00000063 (DXFMT_ATI2)
2021-07-03T22:00:09.188-05:00| svga| I005:   cap[211]: 0x000000e3 (DXFMT_BC5_SNORM)
2021-07-03T22:00:09.188-05:00| svga| I005:   cap[212]: 0x00000045 (DXFMT_R10G10B10_XR_BIAS_A2_UNORM)
2021-07-03T22:00:09.188-05:00| svga| I005:   cap[213]: 0x000002e1 (DXFMT_B8G8R8A8_TYPELESS)
2021-07-03T22:00:09.188-05:00| svga| I005:   cap[214]: 0x000002f7 (DXFMT_B8G8R8A8_UNORM_SRGB)
2021-07-03T22:00:09.188-05:00| svga| I005:   cap[215]: 0x000002e1 (DXFMT_B8G8R8X8_TYPELESS)
2021-07-03T22:00:09.188-05:00| svga| I005:   cap[216]: 0x000002f7 (DXFMT_B8G8R8X8_UNORM_SRGB)
2021-07-03T22:00:09.188-05:00| svga| I005:   cap[217]: 0x0000006b (DXFMT_Z_DF16)
2021-07-03T22:00:09.188-05:00| svga| I005:   cap[218]: 0x0000006b (DXFMT_Z_DF24)
2021-07-03T22:00:09.188-05:00| svga| I005:   cap[219]: 0x0000006b (DXFMT_Z_D24S8_INT)
2021-07-03T22:00:09.188-05:00| svga| I005:   cap[220]: 0x00000001 (DXFMT_YV12)
2021-07-03T22:00:09.188-05:00| svga| I005:   cap[221]: 0x000003f7 (DXFMT_R32G32B32A32_FLOAT)
2021-07-03T22:00:09.188-05:00| svga| I005:   cap[222]: 0x000003f7 (DXFMT_R16G16B16A16_FLOAT)
2021-07-03T22:00:09.188-05:00| svga| I005:   cap[223]: 0x000003f7 (DXFMT_R16G16B16A16_UNORM)
2021-07-03T22:00:09.188-05:00| svga| I005:   cap[224]: 0x000003f7 (DXFMT_R32G32_FLOAT)
2021-07-03T22:00:09.188-05:00| svga| I005:   cap[225]: 0x000003f7 (DXFMT_R10G10B10A2_UNORM)
2021-07-03T22:00:09.188-05:00| svga| I005:   cap[226]: 0x000003f7 (DXFMT_R8G8B8A8_SNORM)
2021-07-03T22:00:09.188-05:00| svga| I005:   cap[227]: 0x000003f7 (DXFMT_R16G16_FLOAT)
2021-07-03T22:00:09.188-05:00| svga| I005:   cap[228]: 0x000003f7 (DXFMT_R16G16_UNORM)
2021-07-03T22:00:09.188-05:00| svga| I005:   cap[229]: 0x000003f7 (DXFMT_R16G16_SNORM)
2021-07-03T22:00:09.188-05:00| svga| I005:   cap[230]: 0x000003f7 (DXFMT_R32_FLOAT)
2021-07-03T22:00:09.188-05:00| svga| I005:   cap[231]: 0x000003f7 (DXFMT_R8G8_SNORM)
2021-07-03T22:00:09.188-05:00| svga| I005:   cap[232]: 0x000003f7 (DXFMT_R16_FLOAT)
2021-07-03T22:00:09.188-05:00| svga| I005:   cap[233]: 0x00000269 (DXFMT_D16_UNORM)
2021-07-03T22:00:09.188-05:00| svga| I005:   cap[234]: 0x000002f7 (DXFMT_A8_UNORM)
2021-07-03T22:00:09.188-05:00| svga| I005:   cap[235]: 0x000000e3 (DXFMT_BC1_UNORM)
2021-07-03T22:00:09.188-05:00| svga| I005:   cap[236]: 0x000000e3 (DXFMT_BC2_UNORM)
2021-07-03T22:00:09.188-05:00| svga| I005:   cap[237]: 0x000000e3 (DXFMT_BC3_UNORM)
2021-07-03T22:00:09.188-05:00| svga| I005:   cap[238]: 0x000002f7 (DXFMT_B5G6R5_UNORM)
2021-07-03T22:00:09.188-05:00| svga| I005:   cap[239]: 0x000002f7 (DXFMT_B5G5R5A1_UNORM)
2021-07-03T22:00:09.188-05:00| svga| I005:   cap[240]: 0x000003f7 (DXFMT_B8G8R8A8_UNORM)
2021-07-03T22:00:09.188-05:00| svga| I005:   cap[241]: 0x000003f7 (DXFMT_B8G8R8X8_UNORM)
2021-07-03T22:00:09.189-05:00| svga| I005:   cap[242]: 0x000000e3 (DXFMT_BC4_UNORM)
2021-07-03T22:00:09.189-05:00| svga| I005:   cap[243]: 0x000000e3 (DXFMT_BC5_UNORM)
2021-07-03T22:00:09.189-05:00| svga| I005:   cap[244]: 0x00000001 (SM41)
2021-07-03T22:00:09.189-05:00| svga| I005:   cap[245]: 0x00000001 (MULTISAMPLE_2X)
2021-07-03T22:00:09.189-05:00| svga| I005:   cap[246]: 0x00000001 (MULTISAMPLE_4X)
2021-07-03T22:00:09.189-05:00| svga| I005:   cap[247]: 0x00000001 (MS_FULL_QUALITY)
2021-07-03T22:00:09.189-05:00| svga| I005:   cap[248]: 0x00000001 (LOGICOPS)
2021-07-03T22:00:09.189-05:00| svga| I005:   cap[249]: 0x00000001 (LOGIC_BLENDOPS)
2021-07-03T22:00:09.189-05:00| svga| I005:   cap[250]: 0x000002f7 (DXFMT_B4G4R4A4_UNORM)
2021-07-03T22:00:09.189-05:00| svga| I005:   cap[251]: 0x000000e1 (DXFMT_BC6H_TYPELESS)
2021-07-03T22:00:09.189-05:00| svga| I005:   cap[252]: 0x000000e3 (DXFMT_BC6H_UF16)
2021-07-03T22:00:09.189-05:00| svga| I005:   cap[253]: 0x000000e3 (DXFMT_BC6H_SF16)
2021-07-03T22:00:09.189-05:00| svga| I005:   cap[254]: 0x000000e1 (DXFMT_BC7_TYPELESS)
2021-07-03T22:00:09.189-05:00| svga| I005:   cap[255]: 0x000000e3 (DXFMT_BC7_UNORM)
2021-07-03T22:00:09.189-05:00| svga| I005:   cap[256]: 0x000000e3 (DXFMT_BC7_UNORM_SRGB)
2021-07-03T22:00:09.189-05:00| svga| I005:   cap[257]: 0x00000000 (DXFMT_AYUV)
2021-07-03T22:00:09.189-05:00| svga| I005:   cap[258]: 0x00000001 (SM5)
2021-07-03T22:00:09.189-05:00| svga| I005:   cap[259]: 0x00000001 (MULTISAMPLE_8X)
2021-07-03T22:00:09.189-05:00| svga| I005:   cap[260]: 0x00000001 (FORCED_SAMPLE_COUNT_1)
2021-07-03T22:00:09.189-05:00| svga| I005:   cap[261]: 0x00000000 (EXTENDED_UAV)
2021-07-03T22:00:09.189-05:00| svga| I005: ReplayFifo: mksReplay format version=16
2021-07-03T22:00:09.189-05:00| svga| I005: MKSRoleReplay: MKSRoleReplay_Run: Starting.
2021-07-03T22:45:47.290-05:00| svga| I005: MKSSandboxComm: ISB closed the channel while reading
2021-07-03T22:45:47.290-05:00| svga| I005: MKSRoleReplay: MKSRoleReplay_Run: Finished.
2021-07-03T22:45:47.305-05:00| main| I005: MKS/SVGA threads are stopped
2021-07-03T22:45:47.305-05:00| main| I005: MKSRoleMain: Powering off.
2021-07-03T22:45:47.305-05:00| main| I005: MKSRoleMain: Powering off MKS
2021-07-03T22:45:47.309-05:00| mks| I005: Stopped Shim3D
2021-07-03T22:45:47.311-05:00| mks| I005: DX11Renderer: Clearing device context
2021-07-03T22:45:47.313-05:00| mks| I005: DX11Renderer: Release D3D device
2021-07-03T22:45:47.318-05:00| mks| I005: DX11Renderer: Releasing DXGI Adapter
2021-07-03T22:45:47.318-05:00| mks| I005: DX11Renderer: Releasing DXGI Factory
2021-07-03T22:45:47.318-05:00| mks| I005: DX11Renderer: Unloading modules
2021-07-03T22:45:47.319-05:00| mks| I005: MKS-RenderMain: Stopped DX11Renderer
2021-07-03T22:45:47.321-05:00| mks| I005: MKS PowerOff
2021-07-03T22:45:47.321-05:00| mks| I005: MKS thread is exiting
2021-07-03T22:45:47.321-05:00| svga| I005: SVGA thread is exiting
2021-07-03T22:45:47.323-05:00| main| I005: MKSRoleMain: Exiting...
2021-07-03T22:45:47.323-05:00| main| I005: MKSRoleMain: Exiting MKS
2021-07-03T22:45:47.323-05:00| main| I005: MKSRoleMain: Exiting Sig
2021-07-03T22:45:47.323-05:00| main| I005: MKSRoleMain: Skipping SSL (already exited)
2021-07-03T22:45:47.323-05:00| main| I005: MKSRoleMain: Exiting Poll
2021-07-03T22:45:47.323-05:00| main| I005: MKSRoleMain: Exiting Log
